[03:03:38] [main/INFO]: Using mbed TLS based native cipher.
[03:03:38] [main/INFO]: Using zlib based native compressor.
[03:03:38] [main/INFO]: Enabled Waterfall version git:Waterfall-Bootstrap:1.19-R0.1-SNAPSHOT:f6069e2:513
[03:03:38] [main/INFO]: Not on Windows, attempting to use enhanced EpollEventLoop
[03:03:38] [main/INFO]: Epoll is working, utilising it!
[03:03:38] [main/INFO]: Discovered module: ModuleSpec(name=cmd_alert, file=modules/cmd_alert.jar, provider=JenkinsModuleSource())
[03:03:38] [main/INFO]: Discovered module: ModuleSpec(name=cmd_find, file=modules/cmd_find.jar, provider=JenkinsModuleSource())
[03:03:38] [main/INFO]: Discovered module: ModuleSpec(name=cmd_list, file=modules/cmd_list.jar, provider=JenkinsModuleSource())
[03:03:38] [main/INFO]: Discovered module: ModuleSpec(name=cmd_send, file=modules/cmd_send.jar, provider=JenkinsModuleSource())
[03:03:38] [main/INFO]: Discovered module: ModuleSpec(name=cmd_server, file=modules/cmd_server.jar, provider=JenkinsModuleSource())
[03:03:38] [main/INFO]: Discovered module: ModuleSpec(name=reconnect_yaml, file=modules/reconnect_yaml.jar, provider=JenkinsModuleSource())
[03:03:38] [main/INFO]: Loaded plugin reconnect_yaml version git:reconnect_yaml:1.19-R0.1-SNAPSHOT:f6069e2:513 by WaterfallMC
[03:03:38] [main/INFO]: Loaded plugin cmd_find version git:cmd_find:1.19-R0.1-SNAPSHOT:f6069e2:513 by WaterfallMC
[03:03:38] [main/INFO]: Loaded plugin cmd_server version git:cmd_server:1.19-R0.1-SNAPSHOT:f6069e2:513 by WaterfallMC
[03:03:38] [main/INFO]: Loaded plugin cmd_alert version git:cmd_alert:1.19-R0.1-SNAPSHOT:f6069e2:513 by WaterfallMC
[03:03:38] [main/INFO]: Loaded plugin cmd_send version git:cmd_send:1.19-R0.1-SNAPSHOT:f6069e2:513 by WaterfallMC
[03:03:38] [main/INFO]: Loaded plugin cmd_list version git:cmd_list:1.19-R0.1-SNAPSHOT:f6069e2:513 by WaterfallMC
[03:03:38] [main/WARN]: :>:>:>:>:>:>:>:>:>:>:>:>:>:>:>:>:>:>:>:>:>:>:>
[03:03:38] [main/WARN]: :>  
[03:03:38] [main/WARN]: :>      EAGLERCRAFTXBUNGEE WARNING:
[03:03:38] [main/WARN]: :>  
[03:03:38] [main/WARN]: :>  This plugin wasn't tested to be 'working'
[03:03:38] [main/WARN]: :>  with ANY version of BungeeCord (and forks)
[03:03:38] [main/WARN]: :>  apart from the versions listed below:
[03:03:38] [main/WARN]: :>  
[03:03:38] [main/WARN]: :>  - BungeeCord: 1.20-R0.3-SNAPSHOT:eda268b:1797
[03:03:38] [main/WARN]: :>  - Waterfall: 1.20-R0.2-SNAPSHOT:92b5149:562
[03:03:38] [main/WARN]: :>  - FlameCord: 1.1.1
[03:03:38] [main/WARN]: :>  
[03:03:38] [main/WARN]: :>  This is not a Bukkit/Spigot plugin!
[03:03:38] [main/WARN]: :>  
[03:03:38] [main/WARN]: :>  Use "-Deaglerxbungee.stfu=true" to hide
[03:03:38] [main/WARN]: :>  
[03:03:38] [main/WARN]: :>:>:>:>:>:>:>:>:>:>:>:>:>:>:>:>:>:>:>:>:>:>:>
[03:03:38] [main/INFO] [EaglercraftXBungee]: Loading vanilla profile: lax1dude
[03:03:39] [Skin Download Thread #1/INFO] [EaglercraftXBungee]: Loaded vanilla profile: lax1dude
[03:03:39] [main/INFO]: Loaded plugin EaglercraftXBungee version 1.0.10 by lax1dude
[03:03:39] [main/WARN]: Forced host server pvp is not defined
[03:03:39] [main/INFO]: Enabled plugin reconnect_yaml version git:reconnect_yaml:1.19-R0.1-SNAPSHOT:f6069e2:513 by WaterfallMC
[03:03:39] [main/INFO]: Enabled plugin cmd_find version git:cmd_find:1.19-R0.1-SNAPSHOT:f6069e2:513 by WaterfallMC
[03:03:39] [main/INFO]: Enabled plugin cmd_server version git:cmd_server:1.19-R0.1-SNAPSHOT:f6069e2:513 by WaterfallMC
[03:03:39] [main/INFO]: Enabled plugin cmd_alert version git:cmd_alert:1.19-R0.1-SNAPSHOT:f6069e2:513 by WaterfallMC
[03:03:39] [main/INFO]: Enabled plugin cmd_send version git:cmd_send:1.19-R0.1-SNAPSHOT:f6069e2:513 by WaterfallMC
[03:03:39] [main/INFO]: Enabled plugin cmd_list version git:cmd_list:1.19-R0.1-SNAPSHOT:f6069e2:513 by WaterfallMC
[03:03:39] [main/ERROR] [EaglercraftXBungee]: Online mode is set to false! Authentication system has been disabled
[03:03:39] [Netty Worker IO Thread #0/INFO] [EaglercraftXBungee]: Eaglercraft is listening on: /0.0.0.0:8081
[03:03:39] [main/INFO] [EaglercraftXBungee]: Connected to database: jdbc:sqlite:eaglercraft_skins_cache.db
[03:03:39] [main/INFO]: Enabled plugin EaglercraftXBungee version 1.0.10 by lax1dude
[03:03:39] [Netty Boss IO Thread #0/INFO]: Listening on /127.0.0.1:25577
[03:03:40] [EaglerXBungee: Network Tick Tasks/INFO] [EaglercraftXBungee]: Loaded certificate: /workspaces/eaglercraft-server-test/bungee/plugins/EaglercraftXBungee/eagcert/$dl.2c63d6a9be9d273db57d50cb026093cb97ea6e54.cert
[03:03:51] [Netty Worker IO Thread #1/INFO] [EaglercraftXBungee]: [/[0:0:0:0:0:0:0:1%0]:55206]: Connected via websocket
[03:03:51] [Netty Worker IO Thread #1/INFO] [EaglercraftXBungee]: [/[0:0:0:0:0:0:0:1%0]:55206]: Origin header is https://eaglercraft.com
[03:03:51] [Netty Worker IO Thread #1/INFO] [EaglercraftXBungee]: [/[0:0:0:0:0:0:0:1%0]:55206]: Logged in as 'vedahiya'
[03:03:51] [Netty Worker IO Thread #1/INFO]: [/[0:0:0:0:0:0:0:1%0]:55206|vedahiya] -> UpstreamBridge has connected
[03:03:51] [Netty Worker IO Thread #1/INFO]: [vedahiya|/[0:0:0:0:0:0:0:1%0]:55206] <-> ServerConnector [lobby] has connected
[03:04:22] [main/ERROR]: Exception in thread "main" java.io.IOError: java.io.IOException: Input/output error
[03:04:22] [main/ERROR]: 	at org.jline.keymap.BindingReader.readCharacter(BindingReader.java:170)
[03:04:22] [main/ERROR]: 	at org.jline.keymap.BindingReader.readBinding(BindingReader.java:110)
[03:04:22] [main/ERROR]: 	at org.jline.keymap.BindingReader.readBinding(BindingReader.java:61)
[03:04:22] [main/ERROR]: 	at org.jline.reader.impl.LineReaderImpl.doReadBinding(LineReaderImpl.java:923)
[03:04:22] [main/ERROR]: 	at org.jline.reader.impl.LineReaderImpl.readBinding(LineReaderImpl.java:956)
[03:04:22] [main/ERROR]: 	at org.jline.reader.impl.LineReaderImpl.readLine(LineReaderImpl.java:651)
[03:04:22] [main/ERROR]: 	at org.jline.reader.impl.LineReaderImpl.readLine(LineReaderImpl.java:468)
[03:04:22] [main/ERROR]: 	at net.minecrell.terminalconsole.SimpleTerminalConsole.readCommands(SimpleTerminalConsole.java:158)
[03:04:22] [main/ERROR]: 	at net.minecrell.terminalconsole.SimpleTerminalConsole.start(SimpleTerminalConsole.java:141)
[03:04:22] [main/ERROR]: 	at net.md_5.bungee.BungeeCordLauncher.main(BungeeCordLauncher.java:72)
[03:04:22] [main/ERROR]: 	at net.md_5.bungee.Bootstrap.main(Bootstrap.java:15)
[03:04:22] [main/ERROR]: Caused by: java.io.IOException: Input/output error
[03:04:22] [main/ERROR]: 	at java.base/java.io.FileInputStream.read0(Native Method)
[03:04:22] [main/ERROR]: 	at java.base/java.io.FileInputStream.read(FileInputStream.java:231)
[03:04:22] [main/ERROR]: 	at org.jline.terminal.impl.AbstractPty$PtyInputStream.read(AbstractPty.java:73)
[03:04:22] [main/ERROR]: 	at org.jline.utils.NonBlockingInputStream.read(NonBlockingInputStream.java:62)
[03:04:22] [main/ERROR]: 	at org.jline.utils.NonBlocking$NonBlockingInputStreamReader.read(NonBlocking.java:168)
[03:04:22] [main/ERROR]: 	at org.jline.utils.NonBlockingReader.read(NonBlockingReader.java:57)
[03:04:22] [main/ERROR]: 	at org.jline.keymap.BindingReader.readCharacter(BindingReader.java:160)
[03:04:22] [main/ERROR]: 	... 10 more
